{"C:\\Users\\User\\Documents\\Nova pasta\\solid-api\\usecase\\user\\user_usecase.js": {"path":"C:\\Users\\User\\Documents\\Nova pasta\\solid-api\\usecase\\user\\user_usecase.js","statementMap":{"0":{"start":{"line":5,"column":4},"end":{"line":5,"column":41}},"1":{"start":{"line":6,"column":4},"end":{"line":6,"column":37}},"2":{"start":{"line":10,"column":30},"end":{"line":10,"column":74}},"3":{"start":{"line":11,"column":4},"end":{"line":11,"column":73}},"4":{"start":{"line":11,"column":27},"end":{"line":11,"column":73}},"5":{"start":{"line":13,"column":27},"end":{"line":13,"column":73}},"6":{"start":{"line":15,"column":23},"end":{"line":19,"column":6}},"7":{"start":{"line":21,"column":4},"end":{"line":21,"column":56}},"8":{"start":{"line":27,"column":4},"end":{"line":27,"column":41}},"9":{"start":{"line":28,"column":4},"end":{"line":28,"column":37}},"10":{"start":{"line":29,"column":4},"end":{"line":29,"column":39}},"11":{"start":{"line":35,"column":19},"end":{"line":35,"column":78}},"12":{"start":{"line":38,"column":4},"end":{"line":40,"column":5}},"13":{"start":{"line":39,"column":6},"end":{"line":39,"column":47}},"14":{"start":{"line":43,"column":28},"end":{"line":46,"column":5}},"15":{"start":{"line":48,"column":4},"end":{"line":50,"column":5}},"16":{"start":{"line":49,"column":6},"end":{"line":49,"column":47}},"17":{"start":{"line":54,"column":18},"end":{"line":58,"column":6}},"18":{"start":{"line":60,"column":4},"end":{"line":60,"column":20}},"19":{"start":{"line":67,"column":4},"end":{"line":67,"column":41}},"20":{"start":{"line":70,"column":4},"end":{"line":70,"column":47}},"21":{"start":{"line":77,"column":4},"end":{"line":77,"column":41}},"22":{"start":{"line":80,"column":4},"end":{"line":80,"column":65}},"23":{"start":{"line":87,"column":4},"end":{"line":87,"column":41}},"24":{"start":{"line":88,"column":4},"end":{"line":88,"column":37}},"25":{"start":{"line":94,"column":27},"end":{"line":94,"column":73}},"26":{"start":{"line":95,"column":4},"end":{"line":95,"column":78}},"27":{"start":{"line":102,"column":4},"end":{"line":102,"column":41}},"28":{"start":{"line":105,"column":4},"end":{"line":105,"column":48}},"29":{"start":{"line":112,"column":4},"end":{"line":112,"column":41}},"30":{"start":{"line":116,"column":4},"end":{"line":116,"column":76}},"31":{"start":{"line":120,"column":22},"end":{"line":120,"column":71}},"32":{"start":{"line":121,"column":4},"end":{"line":121,"column":66}},"33":{"start":{"line":121,"column":20},"end":{"line":121,"column":66}},"34":{"start":{"line":122,"column":4},"end":{"line":122,"column":74}}},"fnMap":{"0":{"name":"(anonymous_0)","decl":{"start":{"line":4,"column":2},"end":{"line":4,"column":13}},"loc":{"start":{"line":4,"column":44},"end":{"line":7,"column":3}},"line":4},"1":{"name":"(anonymous_1)","decl":{"start":{"line":9,"column":8},"end":{"line":9,"column":15}},"loc":{"start":{"line":9,"column":43},"end":{"line":22,"column":3}},"line":9},"2":{"name":"(anonymous_2)","decl":{"start":{"line":26,"column":2},"end":{"line":26,"column":13}},"loc":{"start":{"line":26,"column":59},"end":{"line":30,"column":3}},"line":26},"3":{"name":"(anonymous_3)","decl":{"start":{"line":32,"column":8},"end":{"line":32,"column":15}},"loc":{"start":{"line":32,"column":37},"end":{"line":61,"column":5}},"line":32},"4":{"name":"(anonymous_4)","decl":{"start":{"line":66,"column":2},"end":{"line":66,"column":13}},"loc":{"start":{"line":66,"column":30},"end":{"line":68,"column":3}},"line":66},"5":{"name":"(anonymous_5)","decl":{"start":{"line":69,"column":8},"end":{"line":69,"column":15}},"loc":{"start":{"line":69,"column":18},"end":{"line":71,"column":3}},"line":69},"6":{"name":"(anonymous_6)","decl":{"start":{"line":76,"column":2},"end":{"line":76,"column":13}},"loc":{"start":{"line":76,"column":30},"end":{"line":78,"column":3}},"line":76},"7":{"name":"(anonymous_7)","decl":{"start":{"line":79,"column":8},"end":{"line":79,"column":15}},"loc":{"start":{"line":79,"column":37},"end":{"line":81,"column":3}},"line":79},"8":{"name":"(anonymous_8)","decl":{"start":{"line":86,"column":2},"end":{"line":86,"column":13}},"loc":{"start":{"line":86,"column":44},"end":{"line":89,"column":3}},"line":86},"9":{"name":"(anonymous_9)","decl":{"start":{"line":91,"column":8},"end":{"line":91,"column":15}},"loc":{"start":{"line":91,"column":30},"end":{"line":96,"column":3}},"line":91},"10":{"name":"(anonymous_10)","decl":{"start":{"line":101,"column":2},"end":{"line":101,"column":13}},"loc":{"start":{"line":101,"column":30},"end":{"line":103,"column":3}},"line":101},"11":{"name":"(anonymous_11)","decl":{"start":{"line":104,"column":8},"end":{"line":104,"column":15}},"loc":{"start":{"line":104,"column":20},"end":{"line":106,"column":3}},"line":104},"12":{"name":"(anonymous_12)","decl":{"start":{"line":111,"column":2},"end":{"line":111,"column":13}},"loc":{"start":{"line":111,"column":30},"end":{"line":113,"column":3}},"line":111},"13":{"name":"(anonymous_13)","decl":{"start":{"line":115,"column":8},"end":{"line":115,"column":15}},"loc":{"start":{"line":115,"column":28},"end":{"line":117,"column":3}},"line":115},"14":{"name":"(anonymous_14)","decl":{"start":{"line":119,"column":8},"end":{"line":119,"column":22}},"loc":{"start":{"line":119,"column":27},"end":{"line":123,"column":3}},"line":119}},"branchMap":{"0":{"loc":{"start":{"line":11,"column":4},"end":{"line":11,"column":73}},"type":"if","locations":[{"start":{"line":11,"column":4},"end":{"line":11,"column":73}},{"start":{},"end":{}}],"line":11},"1":{"loc":{"start":{"line":38,"column":4},"end":{"line":40,"column":5}},"type":"if","locations":[{"start":{"line":38,"column":4},"end":{"line":40,"column":5}},{"start":{},"end":{}}],"line":38},"2":{"loc":{"start":{"line":38,"column":8},"end":{"line":38,"column":31}},"type":"binary-expr","locations":[{"start":{"line":38,"column":8},"end":{"line":38,"column":15}},{"start":{"line":38,"column":19},"end":{"line":38,"column":31}}],"line":38},"3":{"loc":{"start":{"line":48,"column":4},"end":{"line":50,"column":5}},"type":"if","locations":[{"start":{"line":48,"column":4},"end":{"line":50,"column":5}},{"start":{},"end":{}}],"line":48},"4":{"loc":{"start":{"line":121,"column":4},"end":{"line":121,"column":66}},"type":"if","locations":[{"start":{"line":121,"column":4},"end":{"line":121,"column":66}},{"start":{},"end":{}}],"line":121}},"s":{"0":7,"1":7,"2":11,"3":11,"4":1,"5":10,"6":10,"7":10,"8":7,"9":7,"10":7,"11":11,"12":11,"13":2,"14":9,"15":9,"16":2,"17":7,"18":7,"19":7,"20":1,"21":7,"22":1,"23":7,"24":7,"25":1,"26":1,"27":7,"28":1,"29":7,"30":1,"31":0,"32":0,"33":0,"34":0},"f":{"0":7,"1":11,"2":7,"3":11,"4":7,"5":1,"6":7,"7":1,"8":7,"9":1,"10":7,"11":1,"12":7,"13":1,"14":0},"b":{"0":[1,10],"1":[2,9],"2":[11,9],"3":[2,7],"4":[0,0]},"meta":{"lastBranch":5,"lastFunction":15,"lastStatement":35,"seen":{"f:4:2:4:13":0,"s:5:4:5:41":0,"s:6:4:6:37":1,"f:9:8:9:15":1,"s:10:30:10:74":2,"b:11:4:11:73:undefined:undefined:undefined:undefined":0,"s:11:4:11:73":3,"s:11:27:11:73":4,"s:13:27:13:73":5,"s:15:23:19:6":6,"s:21:4:21:56":7,"f:26:2:26:13":2,"s:27:4:27:41":8,"s:28:4:28:37":9,"s:29:4:29:39":10,"f:32:8:32:15":3,"s:35:19:35:78":11,"b:38:4:40:5:undefined:undefined:undefined:undefined":1,"s:38:4:40:5":12,"b:38:8:38:15:38:19:38:31":2,"s:39:6:39:47":13,"s:43:28:46:5":14,"b:48:4:50:5:undefined:undefined:undefined:undefined":3,"s:48:4:50:5":15,"s:49:6:49:47":16,"s:54:18:58:6":17,"s:60:4:60:20":18,"f:66:2:66:13":4,"s:67:4:67:41":19,"f:69:8:69:15":5,"s:70:4:70:47":20,"f:76:2:76:13":6,"s:77:4:77:41":21,"f:79:8:79:15":7,"s:80:4:80:65":22,"f:86:2:86:13":8,"s:87:4:87:41":23,"s:88:4:88:37":24,"f:91:8:91:15":9,"s:94:27:94:73":25,"s:95:4:95:78":26,"f:101:2:101:13":10,"s:102:4:102:41":27,"f:104:8:104:15":11,"s:105:4:105:48":28,"f:111:2:111:13":12,"s:112:4:112:41":29,"f:115:8:115:15":13,"s:116:4:116:76":30,"f:119:8:119:22":14,"s:120:22:120:71":31,"b:121:4:121:66:undefined:undefined:undefined:undefined":4,"s:121:4:121:66":32,"s:121:20:121:66":33,"s:122:4:122:74":34}}}
}
